Flow report for Median_Filter
Thu Apr 02 09:20:46 2026
Quartus II 64-Bit Version 13.0.1 Build 232 06/12/2013 Service Pack 1 SJ Web Edition


---------------------
; Table of Contents ;
---------------------
  1. Legal Notice
  2. Flow Summary
  3. Flow Settings
  4. Flow Non-Default Global Settings
  5. Flow Elapsed Time
  6. Flow OS Summary
  7. Flow Log
  8. Flow Messages
  9. Flow Suppressed Messages



----------------
; Legal Notice ;
----------------
Copyright (C) 1991-2013 Altera Corporation
Your use of Altera Corporation's design tools, logic functions 
and other software and tools, and its AMPP partner logic 
functions, and any output files from any of the foregoing 
(including device programming or simulation files), and any 
associated documentation or information are expressly subject 
to the terms and conditions of the Altera Program License 
Subscription Agreement, Altera MegaCore Function License 
Agreement, or other applicable license agreement, including, 
without limitation, that your use is for the sole purpose of 
programming logic devices manufactured by Altera and sold by 
Altera or its authorized distributors.  Please refer to the 
applicable agreement for further details.



+--------------------------------------------------------------------------------------+
; Flow Summary                                                                         ;
+------------------------------------+-------------------------------------------------+
; Flow Status                        ; Successful - Thu Apr 02 09:20:45 2026           ;
; Quartus II 64-Bit Version          ; 13.0.1 Build 232 06/12/2013 SP 1 SJ Web Edition ;
; Revision Name                      ; Median_Filter                                   ;
; Top-level Entity Name              ; median_filter                                   ;
; Family                             ; Cyclone II                                      ;
; Device                             ; EP2C35F672C6                                    ;
; Timing Models                      ; Final                                           ;
; Total logic elements               ; 319 / 33,216 ( < 1 % )                          ;
;     Total combinational functions  ; 298 / 33,216 ( < 1 % )                          ;
;     Dedicated logic registers      ; 107 / 33,216 ( < 1 % )                          ;
; Total registers                    ; 107                                             ;
; Total pins                         ; 84 / 475 ( 18 % )                               ;
; Total virtual pins                 ; 0                                               ;
; Total memory bits                  ; 0 / 483,840 ( 0 % )                             ;
; Embedded Multiplier 9-bit elements ; 0 / 70 ( 0 % )                                  ;
; Total PLLs                         ; 0 / 4 ( 0 % )                                   ;
+------------------------------------+-------------------------------------------------+


+-----------------------------------------+
; Flow Settings                           ;
+-------------------+---------------------+
; Option            ; Setting             ;
+-------------------+---------------------+
; Start date & time ; 04/02/2026 09:20:32 ;
; Main task         ; Compilation         ;
; Revision Name     ; Median_Filter       ;
+-------------------+---------------------+


+--------------------------------------------------------------------------------------------------------------------------------------------------------------------------+
; Flow Non-Default Global Settings                                                                                                                                         ;
+-------------------------------------+------------------------------------------------------------+---------------+------------------------------------------+------------+
; Assignment Name                     ; Value                                                      ; Default Value ; Entity Name                              ; Section Id ;
+-------------------------------------+------------------------------------------------------------+---------------+------------------------------------------+------------+
; COMPILER_SIGNATURE_ID               ; 176156956493677.177509643213956                            ; --            ; --                                       ; --         ;
; IP_TOOL_ENV                         ; Qsys                                                       ; --            ; altera_avalon_sc_fifo                    ; --         ;
; IP_TOOL_ENV                         ; Qsys                                                       ; --            ; altera_avalon_st_handshake_clock_crosser ; --         ;
; IP_TOOL_ENV                         ; Qsys                                                       ; --            ; altera_irq_clock_crosser                 ; --         ;
; IP_TOOL_ENV                         ; Qsys                                                       ; --            ; altera_merlin_burst_adapter              ; --         ;
; IP_TOOL_ENV                         ; Qsys                                                       ; --            ; altera_merlin_master_agent               ; --         ;
; IP_TOOL_ENV                         ; Qsys                                                       ; --            ; altera_merlin_master_translator          ; --         ;
; IP_TOOL_ENV                         ; Qsys                                                       ; --            ; altera_merlin_slave_agent                ; --         ;
; IP_TOOL_ENV                         ; Qsys                                                       ; --            ; altera_merlin_slave_translator           ; --         ;
; IP_TOOL_ENV                         ; Qsys                                                       ; --            ; altera_merlin_width_adapter              ; --         ;
; IP_TOOL_ENV                         ; Qsys                                                       ; --            ; altera_reset_controller                  ; --         ;
; IP_TOOL_ENV                         ; Qsys                                                       ; --            ; system_2                                 ; --         ;
; IP_TOOL_ENV                         ; Qsys                                                       ; --            ; system_2_HEX                             ; --         ;
; IP_TOOL_ENV                         ; Qsys                                                       ; --            ; system_2_KEY                             ; --         ;
; IP_TOOL_ENV                         ; Qsys                                                       ; --            ; system_2_LED                             ; --         ;
; IP_TOOL_ENV                         ; Qsys                                                       ; --            ; system_2_addr_router                     ; --         ;
; IP_TOOL_ENV                         ; Qsys                                                       ; --            ; system_2_altpll_0                        ; --         ;
; IP_TOOL_ENV                         ; Qsys                                                       ; --            ; system_2_cmd_xbar_demux                  ; --         ;
; IP_TOOL_ENV                         ; Qsys                                                       ; --            ; system_2_cmd_xbar_mux                    ; --         ;
; IP_TOOL_ENV                         ; Qsys                                                       ; --            ; system_2_id_router                       ; --         ;
; IP_TOOL_ENV                         ; Qsys                                                       ; --            ; system_2_id_router_005                   ; --         ;
; IP_TOOL_ENV                         ; Qsys                                                       ; --            ; system_2_irq_mapper                      ; --         ;
; IP_TOOL_ENV                         ; Qsys                                                       ; --            ; system_2_jtag_uart_0                     ; --         ;
; IP_TOOL_ENV                         ; Qsys                                                       ; --            ; system_2_new_sdram_controller_0          ; --         ;
; IP_TOOL_ENV                         ; Qsys                                                       ; --            ; system_2_nios2_qsys_0                    ; --         ;
; IP_TOOL_ENV                         ; Qsys                                                       ; --            ; system_2_onchip_memory2_0                ; --         ;
; IP_TOOL_ENV                         ; Qsys                                                       ; --            ; system_2_rsp_xbar_demux                  ; --         ;
; IP_TOOL_ENV                         ; Qsys                                                       ; --            ; system_2_rsp_xbar_mux                    ; --         ;
; IP_TOOL_NAME                        ; altera_avalon_sc_fifo                                      ; --            ; altera_avalon_sc_fifo                    ; --         ;
; IP_TOOL_NAME                        ; altera_avalon_st_handshake_clock_crosser                   ; --            ; altera_avalon_st_handshake_clock_crosser ; --         ;
; IP_TOOL_NAME                        ; altera_irq_clock_crosser                                   ; --            ; altera_irq_clock_crosser                 ; --         ;
; IP_TOOL_NAME                        ; altera_merlin_burst_adapter                                ; --            ; altera_merlin_burst_adapter              ; --         ;
; IP_TOOL_NAME                        ; altera_merlin_master_agent                                 ; --            ; altera_merlin_master_agent               ; --         ;
; IP_TOOL_NAME                        ; altera_merlin_master_translator                            ; --            ; altera_merlin_master_translator          ; --         ;
; IP_TOOL_NAME                        ; altera_merlin_slave_agent                                  ; --            ; altera_merlin_slave_agent                ; --         ;
; IP_TOOL_NAME                        ; altera_merlin_slave_translator                             ; --            ; altera_merlin_slave_translator           ; --         ;
; IP_TOOL_NAME                        ; altera_merlin_width_adapter                                ; --            ; altera_merlin_width_adapter              ; --         ;
; IP_TOOL_NAME                        ; altera_reset_controller                                    ; --            ; altera_reset_controller                  ; --         ;
; IP_TOOL_NAME                        ; Qsys                                                       ; --            ; system_2                                 ; --         ;
; IP_TOOL_NAME                        ; altera_avalon_pio                                          ; --            ; system_2_HEX                             ; --         ;
; IP_TOOL_NAME                        ; altera_avalon_pio                                          ; --            ; system_2_KEY                             ; --         ;
; IP_TOOL_NAME                        ; altera_avalon_pio                                          ; --            ; system_2_LED                             ; --         ;
; IP_TOOL_NAME                        ; altera_merlin_router                                       ; --            ; system_2_addr_router                     ; --         ;
; IP_TOOL_NAME                        ; altpll                                                     ; --            ; system_2_altpll_0                        ; --         ;
; IP_TOOL_NAME                        ; altera_merlin_demultiplexer                                ; --            ; system_2_cmd_xbar_demux                  ; --         ;
; IP_TOOL_NAME                        ; altera_merlin_multiplexer                                  ; --            ; system_2_cmd_xbar_mux                    ; --         ;
; IP_TOOL_NAME                        ; altera_merlin_router                                       ; --            ; system_2_id_router                       ; --         ;
; IP_TOOL_NAME                        ; altera_merlin_router                                       ; --            ; system_2_id_router_005                   ; --         ;
; IP_TOOL_NAME                        ; altera_irq_mapper                                          ; --            ; system_2_irq_mapper                      ; --         ;
; IP_TOOL_NAME                        ; altera_avalon_jtag_uart                                    ; --            ; system_2_jtag_uart_0                     ; --         ;
; IP_TOOL_NAME                        ; altera_avalon_new_sdram_controller                         ; --            ; system_2_new_sdram_controller_0          ; --         ;
; IP_TOOL_NAME                        ; altera_nios2_qsys                                          ; --            ; system_2_nios2_qsys_0                    ; --         ;
; IP_TOOL_NAME                        ; altera_avalon_onchip_memory2                               ; --            ; system_2_onchip_memory2_0                ; --         ;
; IP_TOOL_NAME                        ; altera_merlin_demultiplexer                                ; --            ; system_2_rsp_xbar_demux                  ; --         ;
; IP_TOOL_NAME                        ; altera_merlin_multiplexer                                  ; --            ; system_2_rsp_xbar_mux                    ; --         ;
; IP_TOOL_VERSION                     ; 13.0                                                       ; --            ; altera_avalon_sc_fifo                    ; --         ;
; IP_TOOL_VERSION                     ; 13.0                                                       ; --            ; altera_avalon_st_handshake_clock_crosser ; --         ;
; IP_TOOL_VERSION                     ; 13.0                                                       ; --            ; altera_irq_clock_crosser                 ; --         ;
; IP_TOOL_VERSION                     ; 13.0                                                       ; --            ; altera_merlin_burst_adapter              ; --         ;
; IP_TOOL_VERSION                     ; 13.0                                                       ; --            ; altera_merlin_master_agent               ; --         ;
; IP_TOOL_VERSION                     ; 13.0                                                       ; --            ; altera_merlin_master_translator          ; --         ;
; IP_TOOL_VERSION                     ; 13.0                                                       ; --            ; altera_merlin_slave_agent                ; --         ;
; IP_TOOL_VERSION                     ; 13.0                                                       ; --            ; altera_merlin_slave_translator           ; --         ;
; IP_TOOL_VERSION                     ; 13.0                                                       ; --            ; altera_merlin_width_adapter              ; --         ;
; IP_TOOL_VERSION                     ; 13.0                                                       ; --            ; altera_reset_controller                  ; --         ;
; IP_TOOL_VERSION                     ; 13.0sp1                                                    ; --            ; system_2                                 ; --         ;
; IP_TOOL_VERSION                     ; 13.0.1.99.2                                                ; --            ; system_2_HEX                             ; --         ;
; IP_TOOL_VERSION                     ; 13.0.1.99.2                                                ; --            ; system_2_KEY                             ; --         ;
; IP_TOOL_VERSION                     ; 13.0.1.99.2                                                ; --            ; system_2_LED                             ; --         ;
; IP_TOOL_VERSION                     ; 13.0                                                       ; --            ; system_2_addr_router                     ; --         ;
; IP_TOOL_VERSION                     ; 13.0                                                       ; --            ; system_2_altpll_0                        ; --         ;
; IP_TOOL_VERSION                     ; 13.0                                                       ; --            ; system_2_cmd_xbar_demux                  ; --         ;
; IP_TOOL_VERSION                     ; 13.0                                                       ; --            ; system_2_cmd_xbar_mux                    ; --         ;
; IP_TOOL_VERSION                     ; 13.0                                                       ; --            ; system_2_id_router                       ; --         ;
; IP_TOOL_VERSION                     ; 13.0                                                       ; --            ; system_2_id_router_005                   ; --         ;
; IP_TOOL_VERSION                     ; 13.0                                                       ; --            ; system_2_irq_mapper                      ; --         ;
; IP_TOOL_VERSION                     ; 13.0.1.99.2                                                ; --            ; system_2_jtag_uart_0                     ; --         ;
; IP_TOOL_VERSION                     ; 13.0.1.99.2                                                ; --            ; system_2_new_sdram_controller_0          ; --         ;
; IP_TOOL_VERSION                     ; 13.0                                                       ; --            ; system_2_nios2_qsys_0                    ; --         ;
; IP_TOOL_VERSION                     ; 13.0.1.99.2                                                ; --            ; system_2_onchip_memory2_0                ; --         ;
; IP_TOOL_VERSION                     ; 13.0                                                       ; --            ; system_2_rsp_xbar_demux                  ; --         ;
; IP_TOOL_VERSION                     ; 13.0                                                       ; --            ; system_2_rsp_xbar_mux                    ; --         ;
; MAX_CORE_JUNCTION_TEMP              ; 85                                                         ; --            ; --                                       ; --         ;
; MIN_CORE_JUNCTION_TEMP              ; 0                                                          ; --            ; --                                       ; --         ;
; MISC_FILE                           ; system_2/synthesis/../../system_2.cmp                      ; --            ; --                                       ; --         ;
; MISC_FILE                           ; system_2/synthesis/../../system_2.qsys                     ; --            ; --                                       ; --         ;
; PARTITION_COLOR                     ; 16764057                                                   ; --            ; median_filter                            ; Top        ;
; PARTITION_FITTER_PRESERVATION_LEVEL ; PLACEMENT_AND_ROUTING                                      ; --            ; median_filter                            ; Top        ;
; PARTITION_NETLIST_TYPE              ; SOURCE                                                     ; --            ; median_filter                            ; Top        ;
; POWER_BOARD_THERMAL_MODEL           ; None (CONSERVATIVE)                                        ; --            ; --                                       ; --         ;
; POWER_PRESET_COOLING_SOLUTION       ; 23 MM HEAT SINK WITH 200 LFPM AIRFLOW                      ; --            ; --                                       ; --         ;
; PROJECT_OUTPUT_DIRECTORY            ; output_files                                               ; --            ; --                                       ; --         ;
; SLD_INFO                            ; QSYS_NAME system_2 HAS_SOPCINFO 1 GENERATION_ID 1774980029 ; --            ; system_2                                 ; --         ;
; SOPCINFO_FILE                       ; system_2/synthesis/../../system_2.sopcinfo                 ; --            ; --                                       ; --         ;
; SYNTHESIS_ONLY_QIP                  ; On                                                         ; --            ; --                                       ; --         ;
+-------------------------------------+------------------------------------------------------------+---------------+------------------------------------------+------------+


+-------------------------------------------------------------------------------------------------------------------------------+
; Flow Elapsed Time                                                                                                             ;
+---------------------------+--------------+-------------------------+---------------------+------------------------------------+
; Module Name               ; Elapsed Time ; Average Processors Used ; Peak Virtual Memory ; Total CPU Time (on all processors) ;
+---------------------------+--------------+-------------------------+---------------------+------------------------------------+
; Analysis & Synthesis      ; 00:00:03     ; 1.0                     ; 4641 MB             ; 00:00:02                           ;
; Fitter                    ; 00:00:06     ; 2.2                     ; 5763 MB             ; 00:00:11                           ;
; Assembler                 ; 00:00:02     ; 1.0                     ; 4590 MB             ; 00:00:01                           ;
; TimeQuest Timing Analyzer ; 00:00:01     ; 1.0                     ; 4646 MB             ; 00:00:01                           ;
; Total                     ; 00:00:12     ; --                      ; --                  ; 00:00:15                           ;
+---------------------------+--------------+-------------------------+---------------------+------------------------------------+


+----------------------------------------------------------------------------------------+
; Flow OS Summary                                                                        ;
+---------------------------+------------------+-----------+------------+----------------+
; Module Name               ; Machine Hostname ; OS Name   ; OS Version ; Processor type ;
+---------------------------+------------------+-----------+------------+----------------+
; Analysis & Synthesis      ; tandatASUS       ; Windows 7 ; 6.2        ; x86_64         ;
; Fitter                    ; tandatASUS       ; Windows 7 ; 6.2        ; x86_64         ;
; Assembler                 ; tandatASUS       ; Windows 7 ; 6.2        ; x86_64         ;
; TimeQuest Timing Analyzer ; tandatASUS       ; Windows 7 ; 6.2        ; x86_64         ;
+---------------------------+------------------+-----------+------------+----------------+


------------
; Flow Log ;
------------
quartus_map --read_settings_files=on --write_settings_files=off Median_Filter -c Median_Filter
quartus_fit --read_settings_files=off --write_settings_files=off Median_Filter -c Median_Filter
quartus_asm --read_settings_files=off --write_settings_files=off Median_Filter -c Median_Filter
quartus_sta Median_Filter -c Median_Filter



